<?xml version="1.0" encoding="UTF-8"?>
<coverage generated="1639755269466" clover="3.2.0">
  <project timestamp="1639755269466" name="All files">
    <metrics statements="48" coveredstatements="25" conditionals="3" coveredconditionals="0" methods="26" coveredmethods="8" elements="77" coveredelements="33" complexity="0" loc="48" ncloc="48" packages="2" files="4" classes="4"/>
    <package name="src">
      <metrics statements="25" coveredstatements="14" conditionals="0" coveredconditionals="0" methods="13" coveredmethods="4"/>
      <file name="DataApi.js" path="/home/ike/fulljs/src/DataApi.js">
        <metrics statements="25" coveredstatements="14" conditionals="0" coveredconditionals="0" methods="13" coveredmethods="4"/>
        <line num="3" count="1" type="stmt"/>
        <line num="9" count="1" type="stmt"/>
        <line num="10" count="1" type="stmt"/>
        <line num="14" count="2" type="stmt"/>
        <line num="15" count="9" type="stmt"/>
        <line num="16" count="9" type="stmt"/>
        <line num="20" count="1" type="stmt"/>
        <line num="21" count="0" type="stmt"/>
        <line num="25" count="2" type="stmt"/>
        <line num="28" count="1" type="stmt"/>
        <line num="29" count="0" type="stmt"/>
        <line num="30" count="0" type="stmt"/>
        <line num="31" count="0" type="stmt"/>
        <line num="34" count="1" type="stmt"/>
        <line num="35" count="0" type="stmt"/>
        <line num="38" count="1" type="stmt"/>
        <line num="39" count="0" type="stmt"/>
        <line num="42" count="1" type="stmt"/>
        <line num="43" count="0" type="stmt"/>
        <line num="47" count="0" type="stmt"/>
        <line num="50" count="1" type="stmt"/>
        <line num="54" count="0" type="stmt"/>
        <line num="59" count="1" type="stmt"/>
        <line num="60" count="0" type="stmt"/>
        <line num="61" count="0" type="stmt"/>
      </file>
    </package>
    <package name="src.components">
      <metrics statements="23" coveredstatements="11" conditionals="3" coveredconditionals="0" methods="13" coveredmethods="4"/>
      <file name="Article.js" path="/home/ike/fulljs/src/components/Article.js">
        <metrics statements="7" coveredstatements="4" conditionals="0" coveredconditionals="0" methods="3" coveredmethods="0"/>
        <line num="5" count="1" type="stmt"/>
        <line num="29" count="1" type="stmt"/>
        <line num="31" count="1" type="stmt"/>
        <line num="32" count="0" type="stmt"/>
        <line num="35" count="0" type="stmt"/>
        <line num="45" count="1" type="stmt"/>
        <line num="52" count="0" type="stmt"/>
      </file>
      <file name="ArticleList.js" path="/home/ike/fulljs/src/components/ArticleList.js">
        <metrics statements="3" coveredstatements="3" conditionals="0" coveredconditionals="0" methods="2" coveredmethods="2"/>
        <line num="4" count="1" type="stmt"/>
        <line num="5" count="1" type="stmt"/>
        <line num="8" count="2" type="stmt"/>
      </file>
      <file name="storeProvider.js" path="/home/ike/fulljs/src/components/storeProvider.js">
        <metrics statements="13" coveredstatements="4" conditionals="3" coveredconditionals="0" methods="8" coveredmethods="2"/>
        <line num="4" count="1" type="cond" truecount="0" falsecount="1"/>
        <line num="5" count="1" type="stmt"/>
        <line num="6" count="1" type="stmt"/>
        <line num="7" count="1" type="stmt"/>
        <line num="11" count="0" type="stmt"/>
        <line num="12" count="0" type="stmt"/>
        <line num="15" count="0" type="stmt"/>
        <line num="17" count="0" type="cond" truecount="0" falsecount="2"/>
        <line num="19" count="0" type="stmt"/>
        <line num="24" count="0" type="stmt"/>
        <line num="29" count="0" type="stmt"/>
        <line num="30" count="0" type="stmt"/>
        <line num="34" count="0" type="stmt"/>
      </file>
    </package>
  </project>
</coverage>
